<?xml version="1.0" encoding="UTF-8"?>
<!-- Generated by org.testng.reporters.JUnitReportReporter -->
<testsuite hostname="LAPTOP-8LKPNUO4" failures="0" tests="1" name="test.LoginTest" time="13.194" errors="0" timestamp="2021-04-17T16:43:51 EDT" skipped="0">
  <testcase classname="test.LoginTest" name="login" time="13.194"/>
  <system-out/>
</testsuite> <!-- test.LoginTest -->
