<?xml version="1.0" encoding="UTF-8"?>
<!-- Generated by org.testng.reporters.JUnitReportReporter -->
<testsuite hostname="LAPTOP-8LKPNUO4" failures="0" tests="1" name="test.AddCustomerTest" time="12.930" errors="0" timestamp="2021-04-17T17:51:23 EDT" skipped="0">
  <testcase classname="test.AddCustomerTest" name="validateAddingCustomer" time="12.930"/>
  <system-out/>
</testsuite> <!-- test.AddCustomerTest -->
